<?xml version="1.0" encoding="UTF-8"?>
<testng-results ignored="0" total="1" passed="1" failed="0" skipped="0">
  <reporter-output>
  </reporter-output>
  <suite started-at="2024-10-28T21:53:39 EDT" name="Default suite" finished-at="2024-10-28T21:54:46 EDT" duration-ms="67507">
    <groups>
    </groups>
    <test started-at="2024-10-28T21:53:39 EDT" name="Default test" finished-at="2024-10-28T21:54:46 EDT" duration-ms="67507">
      <class name="BusyQA.JamesKalu_FinalExam_Project.JamesKalu_FinalExam_Project">
        <test-method is-config="true" signature="beforeTest()[pri:0, instance:BusyQA.JamesKalu_FinalExam_Project.JamesKalu_FinalExam_Project@424e1977]" started-at="2024-10-28T21:53:39 EDT" name="beforeTest" finished-at="2024-10-28T21:53:59 EDT" duration-ms="20214" status="PASS">
          <reporter-output>
          </reporter-output>
        </test-method> <!-- beforeTest -->
        <test-method signature="newTest()[pri:0, instance:BusyQA.JamesKalu_FinalExam_Project.JamesKalu_FinalExam_Project@424e1977]" started-at="2024-10-28T21:53:59 EDT" name="newTest" finished-at="2024-10-28T21:54:41 EDT" duration-ms="42011" status="PASS">
          <reporter-output>
          </reporter-output>
        </test-method> <!-- newTest -->
        <test-method is-config="true" signature="afterTest()[pri:0, instance:BusyQA.JamesKalu_FinalExam_Project.JamesKalu_FinalExam_Project@424e1977]" started-at="2024-10-28T21:54:41 EDT" name="afterTest" finished-at="2024-10-28T21:54:46 EDT" duration-ms="5101" status="PASS">
          <reporter-output>
          </reporter-output>
        </test-method> <!-- afterTest -->
      </class> <!-- BusyQA.JamesKalu_FinalExam_Project.JamesKalu_FinalExam_Project -->
    </test> <!-- Default test -->
  </suite> <!-- Default suite -->
</testng-results>
